<?xml version="1.0" encoding="UTF-8"?>
<testng-results ignored="0" total="1" passed="1" failed="0" skipped="0">
  <reporter-output>
  </reporter-output>
  <suite started-at="2022-11-01T16:20:27 IST" name="Suite" finished-at="2022-11-01T16:20:36 IST" duration-ms="8663">
    <groups>
    </groups>
    <test started-at="2022-11-01T16:20:27 IST" name="Test" finished-at="2022-11-01T16:20:36 IST" duration-ms="8663">
      <class name="com.qa.testScripts.Tc_Mercury_001">
        <test-method is-config="true" signature="setUp(java.lang.String,java.lang.String)[pri:0, instance:com.qa.testScripts.Tc_Mercury_001@7e0b85f9]" started-at="2022-11-01T16:20:27 IST" name="setUp" finished-at="2022-11-01T16:20:34 IST" duration-ms="6730" status="PASS">
          <params>
            <param index="0">
              <value>
                <![CDATA[chrome]]>
              </value>
            </param>
            <param index="1">
              <value>
                <![CDATA[https://demo.guru99.com/test/newtours/]]>
              </value>
            </param>
          </params>
          <reporter-output>
          </reporter-output>
        </test-method> <!-- setUp -->
        <test-method signature="login(java.lang.String,java.lang.String)[pri:0, instance:com.qa.testScripts.Tc_Mercury_001@7e0b85f9]" started-at="2022-11-01T16:20:34 IST" name="login" finished-at="2022-11-01T16:20:36 IST" duration-ms="1674" status="PASS">
          <params>
            <param index="0">
              <value>
                <![CDATA[chrome]]>
              </value>
            </param>
            <param index="1">
              <value>
                <![CDATA[https://demo.guru99.com/test/newtours/]]>
              </value>
            </param>
          </params>
          <reporter-output>
          </reporter-output>
        </test-method> <!-- login -->
        <test-method is-config="true" signature="tearDown()[pri:0, instance:com.qa.testScripts.Tc_Mercury_001@7e0b85f9]" started-at="2022-11-01T16:20:36 IST" name="tearDown" finished-at="2022-11-01T16:20:36 IST" duration-ms="224" status="PASS">
          <reporter-output>
          </reporter-output>
        </test-method> <!-- tearDown -->
      </class> <!-- com.qa.testScripts.Tc_Mercury_001 -->
    </test> <!-- Test -->
  </suite> <!-- Suite -->
</testng-results>
